\\MORIARTY\DC5AMT$\DOWNLOADS\PROJECT PORTFOLIO ASSIGNMENT\WK10_START\DEBUG\AABB3.OBJ
\\MORIARTY\DC5AMT$\DOWNLOADS\PROJECT PORTFOLIO ASSIGNMENT\WK10_START\DEBUG\AUDIOPLAYER.OBJ
\\MORIARTY\DC5AMT$\DOWNLOADS\PROJECT PORTFOLIO ASSIGNMENT\WK10_START\DEBUG\BASEGAME.OBJ
\\MORIARTY\DC5AMT$\DOWNLOADS\PROJECT PORTFOLIO ASSIGNMENT\WK10_START\DEBUG\BFONT.OBJ
\\MORIARTY\DC5AMT$\DOWNLOADS\PROJECT PORTFOLIO ASSIGNMENT\WK10_START\DEBUG\CAMERA.OBJ
\\MORIARTY\DC5AMT$\DOWNLOADS\PROJECT PORTFOLIO ASSIGNMENT\WK10_START\DEBUG\CUBE3D.OBJ
\\MORIARTY\DC5AMT$\DOWNLOADS\PROJECT PORTFOLIO ASSIGNMENT\WK10_START\DEBUG\ENERGYCOIL.OBJ
\\MORIARTY\DC5AMT$\DOWNLOADS\PROJECT PORTFOLIO ASSIGNMENT\WK10_START\DEBUG\GAME.OBJ
\\MORIARTY\DC5AMT$\DOWNLOADS\PROJECT PORTFOLIO ASSIGNMENT\WK10_START\DEBUG\GAMEDOMAIN.OBJ
\\MORIARTY\DC5AMT$\DOWNLOADS\PROJECT PORTFOLIO ASSIGNMENT\WK10_START\DEBUG\LOADTEXTURES.OBJ
\\MORIARTY\DC5AMT$\DOWNLOADS\PROJECT PORTFOLIO ASSIGNMENT\WK10_START\DEBUG\MAIN.OBJ
\\MORIARTY\DC5AMT$\DOWNLOADS\PROJECT PORTFOLIO ASSIGNMENT\WK10_START\DEBUG\MD2MODEL.OBJ
\\MORIARTY\DC5AMT$\DOWNLOADS\PROJECT PORTFOLIO ASSIGNMENT\WK10_START\DEBUG\ENTITY.OBJ
\\MORIARTY\DC5AMT$\DOWNLOADS\PROJECT PORTFOLIO ASSIGNMENT\WK10_START\DEBUG\PLAYER.OBJ
\\MORIARTY\DC5AMT$\DOWNLOADS\PROJECT PORTFOLIO ASSIGNMENT\WK10_START\DEBUG\SKYBOX.OBJ
\\MORIARTY\DC5AMT$\DOWNLOADS\PROJECT PORTFOLIO ASSIGNMENT\WK10_START\DEBUG\TERRAIN.OBJ
\\MORIARTY\DC5AMT$\DOWNLOADS\PROJECT PORTFOLIO ASSIGNMENT\WK10_START\DEBUG\ZOMBIE.OBJ
\\MORIARTY\DC5AMT$\DOWNLOADS\PROJECT PORTFOLIO ASSIGNMENT\WK10_START\DEBUG\VC100.PDB
\\MORIARTY\DC5AMT$\DOWNLOADS\PROJECT PORTFOLIO ASSIGNMENT\DEBUG\WK10_START.EXE
\\MORIARTY\DC5AMT$\DOWNLOADS\PROJECT PORTFOLIO ASSIGNMENT\WK10_START\DEBUG\WK10_START.EXE.INTERMEDIATE.MANIFEST
\\MORIARTY\DC5AMT$\DOWNLOADS\PROJECT PORTFOLIO ASSIGNMENT\DEBUG\WK10_START.PDB
\\Moriarty\dc5amt$\Downloads\Project Portfolio Assignment\wk10_start\Debug\AABB3.obj
\\Moriarty\dc5amt$\Downloads\Project Portfolio Assignment\wk10_start\Debug\AudioPlayer.obj
\\Moriarty\dc5amt$\Downloads\Project Portfolio Assignment\wk10_start\Debug\BaseGame.obj
\\Moriarty\dc5amt$\Downloads\Project Portfolio Assignment\wk10_start\Debug\BFont.obj
\\Moriarty\dc5amt$\Downloads\Project Portfolio Assignment\wk10_start\Debug\Camera.obj
\\Moriarty\dc5amt$\Downloads\Project Portfolio Assignment\wk10_start\Debug\Cube3D.obj
\\Moriarty\dc5amt$\Downloads\Project Portfolio Assignment\wk10_start\Debug\EnergyCoil.obj
\\Moriarty\dc5amt$\Downloads\Project Portfolio Assignment\wk10_start\Debug\Entity.obj
\\Moriarty\dc5amt$\Downloads\Project Portfolio Assignment\wk10_start\Debug\Game.obj
\\Moriarty\dc5amt$\Downloads\Project Portfolio Assignment\wk10_start\Debug\GameDomain.obj
\\Moriarty\dc5amt$\Downloads\Project Portfolio Assignment\wk10_start\Debug\LoadTextures.obj
\\Moriarty\dc5amt$\Downloads\Project Portfolio Assignment\wk10_start\Debug\Main.obj
\\Moriarty\dc5amt$\Downloads\Project Portfolio Assignment\wk10_start\Debug\MD2Model.obj
\\Moriarty\dc5amt$\Downloads\Project Portfolio Assignment\wk10_start\Debug\Player.obj
\\Moriarty\dc5amt$\Downloads\Project Portfolio Assignment\wk10_start\Debug\Skybox.obj
\\Moriarty\dc5amt$\Downloads\Project Portfolio Assignment\wk10_start\Debug\Terrain.obj
\\Moriarty\dc5amt$\Downloads\Project Portfolio Assignment\wk10_start\Debug\Zombie.obj
\\Moriarty\dc5amt$\Downloads\Project Portfolio Assignment\wk10_start\Debug\cl.command.1.tlog
\\Moriarty\dc5amt$\Downloads\Project Portfolio Assignment\wk10_start\Debug\CL.read.1.tlog
\\Moriarty\dc5amt$\Downloads\Project Portfolio Assignment\wk10_start\Debug\CL.write.1.tlog
\\Moriarty\dc5amt$\Downloads\Project Portfolio Assignment\wk10_start\Debug\link.command.1.tlog
\\Moriarty\dc5amt$\Downloads\Project Portfolio Assignment\wk10_start\Debug\link.read.1.tlog
\\Moriarty\dc5amt$\Downloads\Project Portfolio Assignment\wk10_start\Debug\link.write.1.tlog
\\Moriarty\dc5amt$\Downloads\Project Portfolio Assignment\wk10_start\Debug\mt.command.1.tlog
\\Moriarty\dc5amt$\Downloads\Project Portfolio Assignment\wk10_start\Debug\mt.read.1.tlog
\\Moriarty\dc5amt$\Downloads\Project Portfolio Assignment\wk10_start\Debug\mt.write.1.tlog
\\Moriarty\dc5amt$\Downloads\Project Portfolio Assignment\wk10_start\Debug\wk10_start.exe.intermediate.manifest
\\Moriarty\dc5amt$\Downloads\Project Portfolio Assignment\wk10_start\Debug\vc100.idb
\\Moriarty\dc5amt$\Downloads\Project Portfolio Assignment\wk10_start\Debug\vc100.pdb
\\Moriarty\dc5amt$\Downloads\Project Portfolio Assignment\Debug\wk10_start.pdb
\\Moriarty\dc5amt$\Downloads\Project Portfolio Assignment\Debug\wk10_start.exe
